2025-11-27 19:03:55,880 [Worker-2: Loading available Gradle versions] INFO  o.e.b.c.i.u.g.PublishedGradleVersions - Gradle version information cache is not available. Remote download required.
2025-11-27 19:05:24,292 [Worker-7: Importing Maven projects] INFO  o.e.m.c.i.l.LifecycleMappingFactory - Using org.maven.ide.eclipse.wtp.WarLifecycleMapping lifecycle mapping for MavenProject: klef.sdp:admin_service:0.0.1-SNAPSHOT @ C:\Users\dumpa\OneDrive\Desktop\CICD-FINAL\JFSD_BackendDeployment-main\JFSD_BackendDeployment-main\admin_service\pom.xml.
2025-11-27 19:05:33,296 [Worker-7: Importing Maven projects] INFO  o.e.m.c.i.l.LifecycleMappingFactory - Using org.maven.ide.eclipse.wtp.WarLifecycleMapping lifecycle mapping for MavenProject: klef.sdp:course_service:0.0.1-SNAPSHOT @ C:\Users\dumpa\OneDrive\Desktop\CICD-FINAL\JFSD_BackendDeployment-main\JFSD_BackendDeployment-main\course_service\pom.xml.
2025-11-27 19:05:38,267 [Worker-7: Importing Maven projects] INFO  o.e.m.c.i.l.LifecycleMappingFactory - Using org.maven.ide.eclipse.wtp.WarLifecycleMapping lifecycle mapping for MavenProject: klef.sdp:faculty_service:0.0.1-SNAPSHOT @ C:\Users\dumpa\OneDrive\Desktop\CICD-FINAL\JFSD_BackendDeployment-main\JFSD_BackendDeployment-main\faculty_service\pom.xml.
2025-11-27 19:05:42,035 [Worker-7: Importing Maven projects] INFO  o.e.m.c.i.l.LifecycleMappingFactory - Using org.maven.ide.eclipse.wtp.WarLifecycleMapping lifecycle mapping for MavenProject: klef.sdp:sc_feedback_service:0.0.1-SNAPSHOT @ C:\Users\dumpa\OneDrive\Desktop\CICD-FINAL\JFSD_BackendDeployment-main\JFSD_BackendDeployment-main\sc_feedback_service\pom.xml.
2025-11-27 19:05:42,327 [Worker-7: Importing Maven projects] INFO  o.e.m.c.i.p.WorkspaceClassifierResolverManager - Resolving P/student_service: klef.sdp:student_service:0.0.1-SNAPSHOT with classifier  to /student_service/target/classes
2025-11-27 19:05:42,328 [Worker-7: Importing Maven projects] INFO  o.e.m.c.i.p.WorkspaceClassifierResolverManager - Resolving P/course_service: klef.sdp:course_service:0.0.1-SNAPSHOT with classifier  to /course_service/target/classes
2025-11-27 19:05:42,696 [Worker-7: Importing Maven projects] INFO  o.e.m.c.i.l.LifecycleMappingFactory - Using org.maven.ide.eclipse.wtp.WarLifecycleMapping lifecycle mapping for MavenProject: klef.sdp:sf_feedback_service:0.0.1-SNAPSHOT @ C:\Users\dumpa\OneDrive\Desktop\CICD-FINAL\JFSD_BackendDeployment-main\JFSD_BackendDeployment-main\sf_feedback_service\pom.xml.
2025-11-27 19:05:42,750 [Worker-7: Importing Maven projects] INFO  o.e.m.c.i.p.WorkspaceClassifierResolverManager - Resolving P/student_service: klef.sdp:student_service:0.0.1-SNAPSHOT with classifier  to /student_service/target/classes
2025-11-27 19:05:42,751 [Worker-7: Importing Maven projects] INFO  o.e.m.c.i.p.WorkspaceClassifierResolverManager - Resolving P/faculty_service: klef.sdp:faculty_service:0.0.1-SNAPSHOT with classifier  to /faculty_service/target/classes
2025-11-27 19:05:43,557 [Worker-7: Importing Maven projects] INFO  o.e.m.c.i.l.LifecycleMappingFactory - Using org.eclipse.m2e.jdt.JarLifecycleMapping lifecycle mapping for MavenProject: klef.sdp:student_service:0.0.1-SNAPSHOT @ C:\Users\dumpa\OneDrive\Desktop\CICD-FINAL\JFSD_BackendDeployment-main\JFSD_BackendDeployment-main\student_service\pom.xml.
2025-11-27 19:05:43,870 [Worker-7: Importing Maven projects] INFO  o.e.m.c.i.l.LifecycleMappingFactory - Using org.maven.ide.eclipse.wtp.WarLifecycleMapping lifecycle mapping for MavenProject: klef.sdp:sc_feedback_service:0.0.1-SNAPSHOT @ C:\Users\dumpa\OneDrive\Desktop\CICD-FINAL\JFSD_BackendDeployment-main\JFSD_BackendDeployment-main\sc_feedback_service\pom.xml.
2025-11-27 19:05:43,884 [Worker-7: Importing Maven projects] INFO  o.e.m.c.i.p.WorkspaceClassifierResolverManager - Resolving P/student_service: klef.sdp:student_service:0.0.1-SNAPSHOT with classifier  to /student_service/target/classes
2025-11-27 19:05:43,885 [Worker-7: Importing Maven projects] INFO  o.e.m.c.i.p.WorkspaceClassifierResolverManager - Resolving P/course_service: klef.sdp:course_service:0.0.1-SNAPSHOT with classifier  to /course_service/target/classes
2025-11-27 19:05:44,207 [Worker-7: Importing Maven projects] INFO  o.e.m.c.i.l.LifecycleMappingFactory - Using org.maven.ide.eclipse.wtp.WarLifecycleMapping lifecycle mapping for MavenProject: klef.sdp:sf_feedback_service:0.0.1-SNAPSHOT @ C:\Users\dumpa\OneDrive\Desktop\CICD-FINAL\JFSD_BackendDeployment-main\JFSD_BackendDeployment-main\sf_feedback_service\pom.xml.
2025-11-27 19:05:44,223 [Worker-7: Importing Maven projects] INFO  o.e.m.c.i.p.WorkspaceClassifierResolverManager - Resolving P/student_service: klef.sdp:student_service:0.0.1-SNAPSHOT with classifier  to /student_service/target/classes
2025-11-27 19:05:44,224 [Worker-7: Importing Maven projects] INFO  o.e.m.c.i.p.WorkspaceClassifierResolverManager - Resolving P/faculty_service: klef.sdp:faculty_service:0.0.1-SNAPSHOT with classifier  to /faculty_service/target/classes
2025-11-27 19:05:56,606 [Worker-7: Importing Maven projects] INFO  o.e.m.j.i.AbstractJavaProjectConfigurator - Adding source folder /course_service/src/main/java
2025-11-27 19:05:56,610 [Worker-7: Importing Maven projects] INFO  o.e.m.j.i.AbstractJavaProjectConfigurator - Adding resource folder /course_service/src/main/resources
2025-11-27 19:05:56,633 [Worker-7: Importing Maven projects] INFO  o.e.m.j.i.AbstractJavaProjectConfigurator - Adding resource folder /course_service/src/main/resources
2025-11-27 19:05:56,654 [Worker-7: Importing Maven projects] INFO  o.e.m.j.i.AbstractJavaProjectConfigurator - Adding source folder /course_service/src/test/java
2025-11-27 19:05:56,658 [Worker-7: Importing Maven projects] INFO  o.e.m.j.i.AbstractJavaProjectConfigurator - Adding resource folder /course_service/src/test/resources
2025-11-27 19:06:05,253 [Worker-7: Importing Maven projects] INFO  o.e.m.j.i.AbstractJavaProjectConfigurator - Adding source folder /student_service/src/main/java
2025-11-27 19:06:05,255 [Worker-7: Importing Maven projects] INFO  o.e.m.j.i.AbstractJavaProjectConfigurator - Adding resource folder /student_service/src/main/resources
2025-11-27 19:06:05,264 [Worker-7: Importing Maven projects] INFO  o.e.m.j.i.AbstractJavaProjectConfigurator - Adding resource folder /student_service/src/main/resources
2025-11-27 19:06:05,274 [Worker-7: Importing Maven projects] INFO  o.e.m.j.i.AbstractJavaProjectConfigurator - Adding source folder /student_service/src/test/java
2025-11-27 19:06:05,276 [Worker-7: Importing Maven projects] INFO  o.e.m.j.i.AbstractJavaProjectConfigurator - Adding resource folder /student_service/src/test/resources
2025-11-27 19:06:09,871 [Worker-7: Importing Maven projects] INFO  o.e.m.j.i.AbstractJavaProjectConfigurator - Adding source folder /faculty_service/src/main/java
2025-11-27 19:06:09,872 [Worker-7: Importing Maven projects] INFO  o.e.m.j.i.AbstractJavaProjectConfigurator - Adding resource folder /faculty_service/src/main/resources
2025-11-27 19:06:09,882 [Worker-7: Importing Maven projects] INFO  o.e.m.j.i.AbstractJavaProjectConfigurator - Adding resource folder /faculty_service/src/main/resources
2025-11-27 19:06:09,890 [Worker-7: Importing Maven projects] INFO  o.e.m.j.i.AbstractJavaProjectConfigurator - Adding source folder /faculty_service/src/test/java
2025-11-27 19:06:09,892 [Worker-7: Importing Maven projects] INFO  o.e.m.j.i.AbstractJavaProjectConfigurator - Adding resource folder /faculty_service/src/test/resources
2025-11-27 19:06:12,890 [Worker-7: Importing Maven projects] INFO  o.e.m.j.i.AbstractJavaProjectConfigurator - Adding source folder /sf_feedback_service/src/main/java
2025-11-27 19:06:12,893 [Worker-7: Importing Maven projects] INFO  o.e.m.j.i.AbstractJavaProjectConfigurator - Adding resource folder /sf_feedback_service/src/main/resources
2025-11-27 19:06:12,904 [Worker-7: Importing Maven projects] INFO  o.e.m.j.i.AbstractJavaProjectConfigurator - Adding resource folder /sf_feedback_service/src/main/resources
2025-11-27 19:06:12,911 [Worker-7: Importing Maven projects] INFO  o.e.m.j.i.AbstractJavaProjectConfigurator - Adding source folder /sf_feedback_service/src/test/java
2025-11-27 19:06:12,914 [Worker-7: Importing Maven projects] INFO  o.e.m.j.i.AbstractJavaProjectConfigurator - Adding resource folder /sf_feedback_service/src/test/resources
2025-11-27 19:06:21,508 [Worker-7: Importing Maven projects] INFO  o.e.m.c.i.p.WorkspaceClassifierResolverManager - Resolving P/student_service: klef.sdp:student_service:0.0.1-SNAPSHOT with classifier  to /student_service/target/classes
2025-11-27 19:06:21,509 [Worker-7: Importing Maven projects] INFO  o.e.m.c.i.p.WorkspaceClassifierResolverManager - Resolving P/faculty_service: klef.sdp:faculty_service:0.0.1-SNAPSHOT with classifier  to /faculty_service/target/classes
2025-11-27 19:06:21,791 [Worker-7: Importing Maven projects] INFO  o.e.m.j.i.AbstractJavaProjectConfigurator - Adding source folder /admin_service/src/main/java
2025-11-27 19:06:21,794 [Worker-7: Importing Maven projects] INFO  o.e.m.j.i.AbstractJavaProjectConfigurator - Adding resource folder /admin_service/src/main/resources
2025-11-27 19:06:21,805 [Worker-7: Importing Maven projects] INFO  o.e.m.j.i.AbstractJavaProjectConfigurator - Adding resource folder /admin_service/src/main/resources
2025-11-27 19:06:21,828 [Worker-7: Importing Maven projects] INFO  o.e.m.j.i.AbstractJavaProjectConfigurator - Adding source folder /admin_service/src/test/java
2025-11-27 19:06:21,830 [Worker-7: Importing Maven projects] INFO  o.e.m.j.i.AbstractJavaProjectConfigurator - Adding resource folder /admin_service/src/test/resources
2025-11-27 19:06:24,811 [Worker-7: Importing Maven projects] INFO  o.e.m.j.i.AbstractJavaProjectConfigurator - Adding source folder /sc_feedback_service/src/main/java
2025-11-27 19:06:24,813 [Worker-7: Importing Maven projects] INFO  o.e.m.j.i.AbstractJavaProjectConfigurator - Adding resource folder /sc_feedback_service/src/main/resources
2025-11-27 19:06:24,821 [Worker-7: Importing Maven projects] INFO  o.e.m.j.i.AbstractJavaProjectConfigurator - Adding resource folder /sc_feedback_service/src/main/resources
2025-11-27 19:06:24,828 [Worker-7: Importing Maven projects] INFO  o.e.m.j.i.AbstractJavaProjectConfigurator - Adding source folder /sc_feedback_service/src/test/java
2025-11-27 19:06:24,832 [Worker-7: Importing Maven projects] INFO  o.e.m.j.i.AbstractJavaProjectConfigurator - Adding resource folder /sc_feedback_service/src/test/resources
2025-11-27 19:06:26,810 [Worker-7: Importing Maven projects] INFO  o.e.m.c.i.p.WorkspaceClassifierResolverManager - Resolving P/student_service: klef.sdp:student_service:0.0.1-SNAPSHOT with classifier  to /student_service/target/classes
2025-11-27 19:06:26,811 [Worker-7: Importing Maven projects] INFO  o.e.m.c.i.p.WorkspaceClassifierResolverManager - Resolving P/course_service: klef.sdp:course_service:0.0.1-SNAPSHOT with classifier  to /course_service/target/classes
2025-11-27 19:06:26,911 [Worker-7: Importing Maven projects] INFO  o.e.m.c.i.p.ProjectConfigurationManager - Imported and configured 6 project(s) in 84 sec
2025-11-27 19:06:27,189 [Worker-10: Updating Maven Project] INFO  o.e.m.c.i.p.ProjectConfigurationManager - Update started
2025-11-27 19:06:28,817 [Worker-10: Updating Maven Project] INFO  o.e.m.c.i.l.LifecycleMappingFactory - Using org.maven.ide.eclipse.wtp.WarLifecycleMapping lifecycle mapping for MavenProject: klef.sdp:admin_service:0.0.1-SNAPSHOT @ C:\Users\dumpa\OneDrive\Desktop\CICD-FINAL\JFSD_BackendDeployment-main\JFSD_BackendDeployment-main\admin_service\pom.xml.
2025-11-27 19:06:29,785 [Worker-10: Updating Maven Project] INFO  o.e.m.c.i.l.LifecycleMappingFactory - Using org.maven.ide.eclipse.wtp.WarLifecycleMapping lifecycle mapping for MavenProject: klef.sdp:sc_feedback_service:0.0.1-SNAPSHOT @ C:\Users\dumpa\OneDrive\Desktop\CICD-FINAL\JFSD_BackendDeployment-main\JFSD_BackendDeployment-main\sc_feedback_service\pom.xml.
2025-11-27 19:06:30,107 [Worker-10: Updating Maven Project] INFO  o.e.m.c.i.p.WorkspaceClassifierResolverManager - Resolving P/student_service: klef.sdp:student_service:0.0.1-SNAPSHOT with classifier  to /student_service/target/classes
2025-11-27 19:06:30,109 [Worker-10: Updating Maven Project] INFO  o.e.m.c.i.p.WorkspaceClassifierResolverManager - Resolving P/course_service: klef.sdp:course_service:0.0.1-SNAPSHOT with classifier  to /course_service/target/classes
2025-11-27 19:06:31,874 [Worker-10: Updating Maven Project] INFO  o.e.m.j.i.AbstractJavaProjectConfigurator - Adding source folder /admin_service/src/main/java
2025-11-27 19:06:31,877 [Worker-10: Updating Maven Project] INFO  o.e.m.j.i.AbstractJavaProjectConfigurator - Adding resource folder /admin_service/src/main/resources
2025-11-27 19:06:31,880 [Worker-10: Updating Maven Project] INFO  o.e.m.j.i.AbstractJavaProjectConfigurator - Adding resource folder /admin_service/src/main/resources
2025-11-27 19:06:31,881 [Worker-10: Updating Maven Project] INFO  o.e.m.j.i.AbstractJavaProjectConfigurator - Adding source folder /admin_service/src/test/java
2025-11-27 19:06:31,883 [Worker-10: Updating Maven Project] INFO  o.e.m.j.i.AbstractJavaProjectConfigurator - Adding resource folder /admin_service/src/test/resources
2025-11-27 19:06:33,280 [Worker-10: Updating Maven Project] INFO  o.e.m.j.i.AbstractJavaProjectConfigurator - Adding source folder /sc_feedback_service/src/main/java
2025-11-27 19:06:33,283 [Worker-10: Updating Maven Project] INFO  o.e.m.j.i.AbstractJavaProjectConfigurator - Adding resource folder /sc_feedback_service/src/main/resources
2025-11-27 19:06:33,287 [Worker-10: Updating Maven Project] INFO  o.e.m.j.i.AbstractJavaProjectConfigurator - Adding resource folder /sc_feedback_service/src/main/resources
2025-11-27 19:06:33,288 [Worker-10: Updating Maven Project] INFO  o.e.m.j.i.AbstractJavaProjectConfigurator - Adding source folder /sc_feedback_service/src/test/java
2025-11-27 19:06:33,291 [Worker-10: Updating Maven Project] INFO  o.e.m.j.i.AbstractJavaProjectConfigurator - Adding resource folder /sc_feedback_service/src/test/resources
2025-11-27 19:06:35,871 [Worker-10: Updating Maven Project] INFO  o.e.m.w.i.f.ResourceFilteringBuildParticipant - Cleaning filtered folder for admin_service
2025-11-27 19:06:35,962 [Worker-10: Updating Maven Project] INFO  o.e.m.w.i.f.ResourceFilteringBuildParticipant - Cleaning filtered folder for sc_feedback_service
2025-11-27 19:06:36,019 [Worker-10: Updating Maven Project] INFO  o.e.m.c.i.p.ProjectConfigurationManager - Update completed for 2 poms: local refresh takes 0.00 sec, refresh facades takes 4.00 sec, update config takes 3.00 sec 
2025-11-27 19:06:36,033 [Worker-9: Updating Maven Project] INFO  o.e.m.c.i.p.ProjectConfigurationManager - Update started
2025-11-27 19:06:40,834 [Worker-9: Updating Maven Project] INFO  o.e.m.c.i.l.LifecycleMappingFactory - Using org.maven.ide.eclipse.wtp.WarLifecycleMapping lifecycle mapping for MavenProject: klef.sdp:course_service:0.0.1-SNAPSHOT @ C:\Users\dumpa\OneDrive\Desktop\CICD-FINAL\JFSD_BackendDeployment-main\JFSD_BackendDeployment-main\course_service\pom.xml.
2025-11-27 19:06:42,291 [Worker-9: Updating Maven Project] INFO  o.e.m.c.i.l.LifecycleMappingFactory - Using org.maven.ide.eclipse.wtp.WarLifecycleMapping lifecycle mapping for MavenProject: klef.sdp:faculty_service:0.0.1-SNAPSHOT @ C:\Users\dumpa\OneDrive\Desktop\CICD-FINAL\JFSD_BackendDeployment-main\JFSD_BackendDeployment-main\faculty_service\pom.xml.
2025-11-27 19:06:43,022 [Worker-9: Updating Maven Project] INFO  o.e.m.c.i.l.LifecycleMappingFactory - Using org.maven.ide.eclipse.wtp.WarLifecycleMapping lifecycle mapping for MavenProject: klef.sdp:sf_feedback_service:0.0.1-SNAPSHOT @ C:\Users\dumpa\OneDrive\Desktop\CICD-FINAL\JFSD_BackendDeployment-main\JFSD_BackendDeployment-main\sf_feedback_service\pom.xml.
2025-11-27 19:06:43,851 [Worker-9: Updating Maven Project] INFO  o.e.m.c.i.p.WorkspaceClassifierResolverManager - Resolving P/student_service: klef.sdp:student_service:0.0.1-SNAPSHOT with classifier  to /student_service/target/classes
2025-11-27 19:06:43,851 [Worker-9: Updating Maven Project] INFO  o.e.m.c.i.p.WorkspaceClassifierResolverManager - Resolving P/faculty_service: klef.sdp:faculty_service:0.0.1-SNAPSHOT with classifier  to /faculty_service/target/classes
2025-11-27 19:06:44,233 [Worker-9: Updating Maven Project] INFO  o.e.m.c.i.l.LifecycleMappingFactory - Using org.eclipse.m2e.jdt.JarLifecycleMapping lifecycle mapping for MavenProject: klef.sdp:student_service:0.0.1-SNAPSHOT @ C:\Users\dumpa\OneDrive\Desktop\CICD-FINAL\JFSD_BackendDeployment-main\JFSD_BackendDeployment-main\student_service\pom.xml.
2025-11-27 19:06:47,548 [Worker-9: Updating Maven Project] INFO  o.e.m.j.i.AbstractJavaProjectConfigurator - Adding source folder /course_service/src/main/java
2025-11-27 19:06:47,549 [Worker-9: Updating Maven Project] INFO  o.e.m.j.i.AbstractJavaProjectConfigurator - Adding resource folder /course_service/src/main/resources
2025-11-27 19:06:47,551 [Worker-9: Updating Maven Project] INFO  o.e.m.j.i.AbstractJavaProjectConfigurator - Adding resource folder /course_service/src/main/resources
2025-11-27 19:06:47,552 [Worker-9: Updating Maven Project] INFO  o.e.m.j.i.AbstractJavaProjectConfigurator - Adding source folder /course_service/src/test/java
2025-11-27 19:06:47,553 [Worker-9: Updating Maven Project] INFO  o.e.m.j.i.AbstractJavaProjectConfigurator - Adding resource folder /course_service/src/test/resources
2025-11-27 19:06:48,557 [Worker-9: Updating Maven Project] INFO  o.e.m.j.i.AbstractJavaProjectConfigurator - Adding source folder /faculty_service/src/main/java
2025-11-27 19:06:48,559 [Worker-9: Updating Maven Project] INFO  o.e.m.j.i.AbstractJavaProjectConfigurator - Adding resource folder /faculty_service/src/main/resources
2025-11-27 19:06:48,560 [Worker-9: Updating Maven Project] INFO  o.e.m.j.i.AbstractJavaProjectConfigurator - Adding resource folder /faculty_service/src/main/resources
2025-11-27 19:06:48,560 [Worker-9: Updating Maven Project] INFO  o.e.m.j.i.AbstractJavaProjectConfigurator - Adding source folder /faculty_service/src/test/java
2025-11-27 19:06:48,562 [Worker-9: Updating Maven Project] INFO  o.e.m.j.i.AbstractJavaProjectConfigurator - Adding resource folder /faculty_service/src/test/resources
2025-11-27 19:06:50,130 [Worker-9: Updating Maven Project] INFO  o.e.m.j.i.AbstractJavaProjectConfigurator - Adding source folder /sf_feedback_service/src/main/java
2025-11-27 19:06:50,132 [Worker-9: Updating Maven Project] INFO  o.e.m.j.i.AbstractJavaProjectConfigurator - Adding resource folder /sf_feedback_service/src/main/resources
2025-11-27 19:06:50,133 [Worker-9: Updating Maven Project] INFO  o.e.m.j.i.AbstractJavaProjectConfigurator - Adding resource folder /sf_feedback_service/src/main/resources
2025-11-27 19:06:50,134 [Worker-9: Updating Maven Project] INFO  o.e.m.j.i.AbstractJavaProjectConfigurator - Adding source folder /sf_feedback_service/src/test/java
2025-11-27 19:06:50,135 [Worker-9: Updating Maven Project] INFO  o.e.m.j.i.AbstractJavaProjectConfigurator - Adding resource folder /sf_feedback_service/src/test/resources
2025-11-27 19:06:51,735 [Worker-9: Updating Maven Project] INFO  o.e.m.j.i.AbstractJavaProjectConfigurator - Adding source folder /student_service/src/main/java
2025-11-27 19:06:51,736 [Worker-9: Updating Maven Project] INFO  o.e.m.j.i.AbstractJavaProjectConfigurator - Adding resource folder /student_service/src/main/resources
2025-11-27 19:06:51,738 [Worker-9: Updating Maven Project] INFO  o.e.m.j.i.AbstractJavaProjectConfigurator - Adding resource folder /student_service/src/main/resources
2025-11-27 19:06:51,738 [Worker-9: Updating Maven Project] INFO  o.e.m.j.i.AbstractJavaProjectConfigurator - Adding source folder /student_service/src/test/java
2025-11-27 19:06:51,740 [Worker-9: Updating Maven Project] INFO  o.e.m.j.i.AbstractJavaProjectConfigurator - Adding resource folder /student_service/src/test/resources
2025-11-27 19:06:52,237 [Worker-9: Updating Maven Project] INFO  o.e.m.w.i.f.ResourceFilteringBuildParticipant - Cleaning filtered folder for course_service
2025-11-27 19:06:52,289 [Worker-9: Updating Maven Project] INFO  o.e.m.w.i.f.ResourceFilteringBuildParticipant - Cleaning filtered folder for faculty_service
2025-11-27 19:06:52,339 [Worker-9: Updating Maven Project] INFO  o.e.m.w.i.f.ResourceFilteringBuildParticipant - Cleaning filtered folder for sf_feedback_service
2025-11-27 19:06:52,429 [Worker-9: Updating Maven Project] INFO  o.e.m.c.i.p.ProjectConfigurationManager - Update completed for 4 poms: local refresh takes 0.00 sec, refresh facades takes 11.00 sec, update config takes 4.00 sec 
2025-11-27 19:06:54,258 [Worker-5: Building] INFO  o.a.m.s.f.DefaultMavenResourcesFiltering - Copying 1 resource from src\main\resources to target\classes
2025-11-27 19:06:54,358 [Worker-5: Building] INFO  o.a.m.s.f.DefaultMavenResourcesFiltering - Copying 0 resource from src\main\resources to target\classes
2025-11-27 19:06:54,375 [Worker-5: Building] INFO  o.a.m.s.f.DefaultMavenResourcesFiltering - skip non existing resourceDirectory C:\Users\dumpa\OneDrive\Desktop\CICD-FINAL\JFSD_BackendDeployment-main\JFSD_BackendDeployment-main\admin_service\src\test\resources
2025-11-27 19:06:54,375 [Worker-5: Building] INFO  o.e.m.w.i.f.ResourceFilteringBuildParticipant - Changed resources require a complete clean of filtered resources of admin_service
2025-11-27 19:06:54,381 [Worker-5: Building] INFO  o.e.m.w.i.f.ResourceFilteringBuildParticipant - Executing resource filtering for admin_service
2025-11-27 19:06:57,000 [Worker-5: Building] INFO  o.a.m.s.f.DefaultMavenResourcesFiltering - Copying 1 resource from src\main\resources to target\classes
2025-11-27 19:06:57,182 [Worker-5: Building] INFO  o.a.m.s.f.DefaultMavenResourcesFiltering - Copying 0 resource from src\main\resources to target\classes
2025-11-27 19:06:57,193 [Worker-5: Building] INFO  o.a.m.s.f.DefaultMavenResourcesFiltering - skip non existing resourceDirectory C:\Users\dumpa\OneDrive\Desktop\CICD-FINAL\JFSD_BackendDeployment-main\JFSD_BackendDeployment-main\course_service\src\test\resources
2025-11-27 19:06:57,194 [Worker-5: Building] INFO  o.e.m.w.i.f.ResourceFilteringBuildParticipant - Changed resources require a complete clean of filtered resources of course_service
2025-11-27 19:06:57,194 [Worker-5: Building] INFO  o.e.m.w.i.f.ResourceFilteringBuildParticipant - Executing resource filtering for course_service
2025-11-27 19:06:57,776 [Worker-5: Building] INFO  o.a.m.s.f.DefaultMavenResourcesFiltering - Copying 1 resource from src\main\resources to target\classes
2025-11-27 19:06:57,901 [Worker-5: Building] INFO  o.a.m.s.f.DefaultMavenResourcesFiltering - Copying 0 resource from src\main\resources to target\classes
2025-11-27 19:06:57,914 [Worker-5: Building] INFO  o.a.m.s.f.DefaultMavenResourcesFiltering - skip non existing resourceDirectory C:\Users\dumpa\OneDrive\Desktop\CICD-FINAL\JFSD_BackendDeployment-main\JFSD_BackendDeployment-main\faculty_service\src\test\resources
2025-11-27 19:06:57,914 [Worker-5: Building] INFO  o.e.m.w.i.f.ResourceFilteringBuildParticipant - Changed resources require a complete clean of filtered resources of faculty_service
2025-11-27 19:06:57,914 [Worker-5: Building] INFO  o.e.m.w.i.f.ResourceFilteringBuildParticipant - Executing resource filtering for faculty_service
2025-11-27 19:06:58,576 [Worker-5: Building] INFO  o.a.m.s.f.DefaultMavenResourcesFiltering - Copying 1 resource from src\main\resources to target\classes
2025-11-27 19:06:58,624 [Worker-5: Building] INFO  o.a.m.s.f.DefaultMavenResourcesFiltering - Copying 0 resource from src\main\resources to target\classes
2025-11-27 19:06:58,635 [Worker-5: Building] INFO  o.a.m.s.f.DefaultMavenResourcesFiltering - skip non existing resourceDirectory C:\Users\dumpa\OneDrive\Desktop\CICD-FINAL\JFSD_BackendDeployment-main\JFSD_BackendDeployment-main\student_service\src\test\resources
2025-11-27 19:06:59,954 [Worker-5: Building] INFO  o.a.m.s.f.DefaultMavenResourcesFiltering - Copying 1 resource from src\main\resources to target\classes
2025-11-27 19:07:00,037 [Worker-5: Building] INFO  o.a.m.s.f.DefaultMavenResourcesFiltering - Copying 0 resource from src\main\resources to target\classes
2025-11-27 19:07:00,052 [Worker-5: Building] INFO  o.a.m.s.f.DefaultMavenResourcesFiltering - skip non existing resourceDirectory C:\Users\dumpa\OneDrive\Desktop\CICD-FINAL\JFSD_BackendDeployment-main\JFSD_BackendDeployment-main\sf_feedback_service\src\test\resources
2025-11-27 19:07:00,053 [Worker-5: Building] INFO  o.e.m.w.i.f.ResourceFilteringBuildParticipant - Changed resources require a complete clean of filtered resources of sf_feedback_service
2025-11-27 19:07:00,053 [Worker-5: Building] INFO  o.e.m.w.i.f.ResourceFilteringBuildParticipant - Executing resource filtering for sf_feedback_service
2025-11-27 19:07:00,707 [Worker-5: Building] INFO  o.a.m.s.f.DefaultMavenResourcesFiltering - Copying 1 resource from src\main\resources to target\classes
2025-11-27 19:07:00,843 [Worker-5: Building] INFO  o.a.m.s.f.DefaultMavenResourcesFiltering - Copying 0 resource from src\main\resources to target\classes
2025-11-27 19:07:00,853 [Worker-5: Building] INFO  o.a.m.s.f.DefaultMavenResourcesFiltering - skip non existing resourceDirectory C:\Users\dumpa\OneDrive\Desktop\CICD-FINAL\JFSD_BackendDeployment-main\JFSD_BackendDeployment-main\sc_feedback_service\src\test\resources
2025-11-27 19:07:00,854 [Worker-5: Building] INFO  o.e.m.w.i.f.ResourceFilteringBuildParticipant - Changed resources require a complete clean of filtered resources of sc_feedback_service
2025-11-27 19:07:00,854 [Worker-5: Building] INFO  o.e.m.w.i.f.ResourceFilteringBuildParticipant - Executing resource filtering for sc_feedback_service
2025-11-27 19:07:03,186 [Worker-9: Building] INFO  o.a.m.s.f.DefaultMavenResourcesFiltering - Copying 1 resource from src\main\resources to target\classes
2025-11-27 19:07:03,199 [Worker-9: Building] INFO  o.a.m.s.f.DefaultMavenResourcesFiltering - Copying 0 resource from src\main\resources to target\classes
2025-11-27 19:07:03,205 [Worker-9: Building] INFO  o.a.m.s.f.DefaultMavenResourcesFiltering - skip non existing resourceDirectory C:\Users\dumpa\OneDrive\Desktop\CICD-FINAL\JFSD_BackendDeployment-main\JFSD_BackendDeployment-main\student_service\src\test\resources
2025-11-27 19:07:45,029 [Worker-7: Building] INFO  o.a.m.s.f.DefaultMavenResourcesFiltering - Copying 1 resource from src\main\resources to target\classes
2025-11-27 19:07:45,045 [Worker-7: Building] INFO  o.a.m.s.f.DefaultMavenResourcesFiltering - Copying 0 resource from src\main\resources to target\classes
2025-11-27 19:07:45,057 [Worker-7: Building] INFO  o.a.m.s.f.DefaultMavenResourcesFiltering - skip non existing resourceDirectory C:\Users\dumpa\OneDrive\Desktop\CICD-FINAL\JFSD_BackendDeployment-main\JFSD_BackendDeployment-main\student_service\src\test\resources
2025-11-27 19:09:05,151 [Worker-7: Building] INFO  o.a.m.s.f.DefaultMavenResourcesFiltering - Copying 1 resource from src\main\resources to target\classes
2025-11-27 19:09:05,169 [Worker-7: Building] INFO  o.a.m.s.f.DefaultMavenResourcesFiltering - Copying 0 resource from src\main\resources to target\classes
2025-11-27 19:09:05,176 [Worker-7: Building] INFO  o.a.m.s.f.DefaultMavenResourcesFiltering - skip non existing resourceDirectory C:\Users\dumpa\OneDrive\Desktop\CICD-FINAL\JFSD_BackendDeployment-main\JFSD_BackendDeployment-main\sc_feedback_service\src\test\resources
2025-11-27 19:09:23,047 [Worker-8: Building] INFO  o.a.m.s.f.DefaultMavenResourcesFiltering - Copying 1 resource from src\main\resources to target\classes
2025-11-27 19:09:23,078 [Worker-8: Building] INFO  o.a.m.s.f.DefaultMavenResourcesFiltering - Copying 0 resource from src\main\resources to target\classes
2025-11-27 19:09:23,085 [Worker-8: Building] INFO  o.a.m.s.f.DefaultMavenResourcesFiltering - skip non existing resourceDirectory C:\Users\dumpa\OneDrive\Desktop\CICD-FINAL\JFSD_BackendDeployment-main\JFSD_BackendDeployment-main\faculty_service\src\test\resources
2025-11-27 19:09:45,835 [Worker-7: Building] INFO  o.a.m.s.f.DefaultMavenResourcesFiltering - Copying 1 resource from src\main\resources to target\classes
2025-11-27 19:09:45,851 [Worker-7: Building] INFO  o.a.m.s.f.DefaultMavenResourcesFiltering - Copying 0 resource from src\main\resources to target\classes
2025-11-27 19:09:45,855 [Worker-7: Building] INFO  o.a.m.s.f.DefaultMavenResourcesFiltering - skip non existing resourceDirectory C:\Users\dumpa\OneDrive\Desktop\CICD-FINAL\JFSD_BackendDeployment-main\JFSD_BackendDeployment-main\course_service\src\test\resources
2025-11-27 19:10:04,481 [Worker-4: Building] INFO  o.a.m.s.f.DefaultMavenResourcesFiltering - Copying 1 resource from src\main\resources to target\classes
2025-11-27 19:10:04,500 [Worker-4: Building] INFO  o.a.m.s.f.DefaultMavenResourcesFiltering - Copying 0 resource from src\main\resources to target\classes
2025-11-27 19:10:04,510 [Worker-4: Building] INFO  o.a.m.s.f.DefaultMavenResourcesFiltering - skip non existing resourceDirectory C:\Users\dumpa\OneDrive\Desktop\CICD-FINAL\JFSD_BackendDeployment-main\JFSD_BackendDeployment-main\admin_service\src\test\resources
2025-11-27 19:10:09,136 [Worker-8: Building] INFO  o.a.m.s.f.DefaultMavenResourcesFiltering - Copying 1 resource from src\main\resources to target\classes
2025-11-27 19:10:09,144 [Worker-8: Building] INFO  o.a.m.s.f.DefaultMavenResourcesFiltering - Copying 0 resource from src\main\resources to target\classes
2025-11-27 19:10:09,151 [Worker-8: Building] INFO  o.a.m.s.f.DefaultMavenResourcesFiltering - skip non existing resourceDirectory C:\Users\dumpa\OneDrive\Desktop\CICD-FINAL\JFSD_BackendDeployment-main\JFSD_BackendDeployment-main\admin_service\src\test\resources
2025-11-27 19:16:00,295 [Worker-1: Launching sc_feedback_service - ScFeedbackServiceApplication] INFO  o.e.m.c.i.p.WorkspaceClassifierResolverManager - Resolving P/student_service: klef.sdp:student_service:0.0.1-SNAPSHOT with classifier null to /student_service/target/classes
2025-11-27 19:16:00,299 [Worker-1: Launching sc_feedback_service - ScFeedbackServiceApplication] INFO  o.e.m.c.i.p.WorkspaceClassifierResolverManager - Resolving P/course_service: klef.sdp:course_service:0.0.1-SNAPSHOT with classifier null to /course_service/target/classes
2025-11-27 19:16:00,504 [Worker-1: Launching sc_feedback_service - ScFeedbackServiceApplication] INFO  o.e.m.c.i.p.WorkspaceClassifierResolverManager - Resolving P/student_service: klef.sdp:student_service:0.0.1-SNAPSHOT with classifier null to /student_service/target/classes
2025-11-27 19:16:00,505 [Worker-1: Launching sc_feedback_service - ScFeedbackServiceApplication] INFO  o.e.m.c.i.p.WorkspaceClassifierResolverManager - Resolving P/course_service: klef.sdp:course_service:0.0.1-SNAPSHOT with classifier null to /course_service/target/classes
2025-11-27 19:16:00,703 [Worker-1: Launching sc_feedback_service - ScFeedbackServiceApplication] INFO  o.e.m.c.i.p.WorkspaceClassifierResolverManager - Resolving P/student_service: klef.sdp:student_service:0.0.1-SNAPSHOT with classifier null to /student_service/target/classes
2025-11-27 19:16:00,704 [Worker-1: Launching sc_feedback_service - ScFeedbackServiceApplication] INFO  o.e.m.c.i.p.WorkspaceClassifierResolverManager - Resolving P/course_service: klef.sdp:course_service:0.0.1-SNAPSHOT with classifier null to /course_service/target/classes
2025-11-27 19:16:31,081 [Worker-10: Launching sf_feedback_service - SfFeedbackServiceApplication] INFO  o.a.m.s.f.DefaultMavenResourcesFiltering - Copying 1 resource from src\main\resources to target\classes
2025-11-27 19:16:31,106 [Worker-10: Launching sf_feedback_service - SfFeedbackServiceApplication] INFO  o.a.m.s.f.DefaultMavenResourcesFiltering - Copying 0 resource from src\main\resources to target\classes
2025-11-27 19:16:31,114 [Worker-10: Launching sf_feedback_service - SfFeedbackServiceApplication] INFO  o.a.m.s.f.DefaultMavenResourcesFiltering - skip non existing resourceDirectory C:\Users\dumpa\OneDrive\Desktop\CICD-FINAL\JFSD_BackendDeployment-main\JFSD_BackendDeployment-main\sf_feedback_service\src\test\resources
2025-11-27 19:16:31,352 [Worker-10: Launching sf_feedback_service - SfFeedbackServiceApplication] INFO  o.e.m.c.i.p.WorkspaceClassifierResolverManager - Resolving P/student_service: klef.sdp:student_service:0.0.1-SNAPSHOT with classifier null to /student_service/target/classes
2025-11-27 19:16:31,353 [Worker-10: Launching sf_feedback_service - SfFeedbackServiceApplication] INFO  o.e.m.c.i.p.WorkspaceClassifierResolverManager - Resolving P/faculty_service: klef.sdp:faculty_service:0.0.1-SNAPSHOT with classifier null to /faculty_service/target/classes
2025-11-27 19:16:31,542 [Worker-10: Launching sf_feedback_service - SfFeedbackServiceApplication] INFO  o.e.m.c.i.p.WorkspaceClassifierResolverManager - Resolving P/student_service: klef.sdp:student_service:0.0.1-SNAPSHOT with classifier null to /student_service/target/classes
2025-11-27 19:16:31,542 [Worker-10: Launching sf_feedback_service - SfFeedbackServiceApplication] INFO  o.e.m.c.i.p.WorkspaceClassifierResolverManager - Resolving P/faculty_service: klef.sdp:faculty_service:0.0.1-SNAPSHOT with classifier null to /faculty_service/target/classes
2025-11-27 19:16:31,725 [Worker-10: Launching sf_feedback_service - SfFeedbackServiceApplication] INFO  o.e.m.c.i.p.WorkspaceClassifierResolverManager - Resolving P/student_service: klef.sdp:student_service:0.0.1-SNAPSHOT with classifier null to /student_service/target/classes
2025-11-27 19:16:31,726 [Worker-10: Launching sf_feedback_service - SfFeedbackServiceApplication] INFO  o.e.m.c.i.p.WorkspaceClassifierResolverManager - Resolving P/faculty_service: klef.sdp:faculty_service:0.0.1-SNAPSHOT with classifier null to /faculty_service/target/classes
